{"/Users/josh/Documents/Makers/week10/bank-tech-test2/account.js": {"path":"/Users/josh/Documents/Makers/week10/bank-tech-test2/account.js","all":false,"statementMap":{"0":{"start":{"line":1,"column":0},"end":{"line":1,"column":89}},"1":{"start":{"line":2,"column":0},"end":{"line":2,"column":0}},"2":{"start":{"line":3,"column":0},"end":{"line":3,"column":15}},"3":{"start":{"line":4,"column":0},"end":{"line":4,"column":19}},"4":{"start":{"line":5,"column":0},"end":{"line":5,"column":25}},"5":{"start":{"line":6,"column":0},"end":{"line":6,"column":28}},"6":{"start":{"line":7,"column":0},"end":{"line":7,"column":33}},"7":{"start":{"line":8,"column":0},"end":{"line":8,"column":5}},"8":{"start":{"line":9,"column":0},"end":{"line":9,"column":0}},"9":{"start":{"line":10,"column":0},"end":{"line":10,"column":23}},"10":{"start":{"line":11,"column":0},"end":{"line":11,"column":42}},"11":{"start":{"line":12,"column":0},"end":{"line":12,"column":61}},"12":{"start":{"line":13,"column":0},"end":{"line":13,"column":16}},"13":{"start":{"line":14,"column":0},"end":{"line":14,"column":59}},"14":{"start":{"line":15,"column":0},"end":{"line":15,"column":106}},"15":{"start":{"line":16,"column":0},"end":{"line":16,"column":9}},"16":{"start":{"line":17,"column":0},"end":{"line":17,"column":5}},"17":{"start":{"line":18,"column":0},"end":{"line":18,"column":0}},"18":{"start":{"line":19,"column":0},"end":{"line":19,"column":21}},"19":{"start":{"line":20,"column":0},"end":{"line":20,"column":41}},"20":{"start":{"line":21,"column":0},"end":{"line":21,"column":53}},"21":{"start":{"line":22,"column":0},"end":{"line":22,"column":16}},"22":{"start":{"line":23,"column":0},"end":{"line":23,"column":35}},"23":{"start":{"line":24,"column":0},"end":{"line":24,"column":100}},"24":{"start":{"line":25,"column":0},"end":{"line":25,"column":102}},"25":{"start":{"line":26,"column":0},"end":{"line":26,"column":9}},"26":{"start":{"line":27,"column":0},"end":{"line":27,"column":5}},"27":{"start":{"line":28,"column":0},"end":{"line":28,"column":0}},"28":{"start":{"line":29,"column":0},"end":{"line":29,"column":22}},"29":{"start":{"line":30,"column":0},"end":{"line":30,"column":41}},"30":{"start":{"line":31,"column":0},"end":{"line":31,"column":53}},"31":{"start":{"line":32,"column":0},"end":{"line":32,"column":45}},"32":{"start":{"line":33,"column":0},"end":{"line":33,"column":58}},"33":{"start":{"line":34,"column":0},"end":{"line":34,"column":16}},"34":{"start":{"line":35,"column":0},"end":{"line":35,"column":35}},"35":{"start":{"line":36,"column":0},"end":{"line":36,"column":103}},"36":{"start":{"line":37,"column":0},"end":{"line":37,"column":105}},"37":{"start":{"line":38,"column":0},"end":{"line":38,"column":9}},"38":{"start":{"line":39,"column":0},"end":{"line":39,"column":5}},"39":{"start":{"line":40,"column":0},"end":{"line":40,"column":2}},"40":{"start":{"line":41,"column":0},"end":{"line":41,"column":0}},"41":{"start":{"line":42,"column":0},"end":{"line":42,"column":25}}},"s":{"0":1,"1":1,"2":1,"3":1,"4":12,"5":12,"6":12,"7":12,"8":1,"9":1,"10":6,"11":1,"12":6,"13":5,"14":5,"15":5,"16":6,"17":1,"18":1,"19":9,"20":1,"21":9,"22":8,"23":8,"24":8,"25":8,"26":9,"27":1,"28":1,"29":5,"30":1,"31":5,"32":1,"33":4,"34":3,"35":3,"36":3,"37":3,"38":5,"39":1,"40":1,"41":1},"branchMap":{"0":{"type":"branch","line":4,"loc":{"start":{"line":4,"column":4},"end":{"line":8,"column":5}},"locations":[{"start":{"line":4,"column":4},"end":{"line":8,"column":5}}]},"1":{"type":"branch","line":10,"loc":{"start":{"line":10,"column":4},"end":{"line":17,"column":5}},"locations":[{"start":{"line":10,"column":4},"end":{"line":17,"column":5}}]},"2":{"type":"branch","line":11,"loc":{"start":{"line":11,"column":41},"end":{"line":13,"column":9}},"locations":[{"start":{"line":11,"column":41},"end":{"line":13,"column":9}}]},"3":{"type":"branch","line":13,"loc":{"start":{"line":13,"column":9},"end":{"line":16,"column":9}},"locations":[{"start":{"line":13,"column":9},"end":{"line":16,"column":9}}]},"4":{"type":"branch","line":19,"loc":{"start":{"line":19,"column":4},"end":{"line":27,"column":5}},"locations":[{"start":{"line":19,"column":4},"end":{"line":27,"column":5}}]},"5":{"type":"branch","line":20,"loc":{"start":{"line":20,"column":40},"end":{"line":22,"column":9}},"locations":[{"start":{"line":20,"column":40},"end":{"line":22,"column":9}}]},"6":{"type":"branch","line":22,"loc":{"start":{"line":22,"column":9},"end":{"line":26,"column":9}},"locations":[{"start":{"line":22,"column":9},"end":{"line":26,"column":9}}]},"7":{"type":"branch","line":29,"loc":{"start":{"line":29,"column":4},"end":{"line":39,"column":5}},"locations":[{"start":{"line":29,"column":4},"end":{"line":39,"column":5}}]},"8":{"type":"branch","line":30,"loc":{"start":{"line":30,"column":40},"end":{"line":32,"column":9}},"locations":[{"start":{"line":30,"column":40},"end":{"line":32,"column":9}}]},"9":{"type":"branch","line":32,"loc":{"start":{"line":32,"column":9},"end":{"line":38,"column":9}},"locations":[{"start":{"line":32,"column":9},"end":{"line":38,"column":9}}]},"10":{"type":"branch","line":32,"loc":{"start":{"line":32,"column":44},"end":{"line":34,"column":9}},"locations":[{"start":{"line":32,"column":44},"end":{"line":34,"column":9}}]},"11":{"type":"branch","line":34,"loc":{"start":{"line":34,"column":9},"end":{"line":38,"column":9}},"locations":[{"start":{"line":34,"column":9},"end":{"line":38,"column":9}}]}},"b":{"0":[12],"1":[6],"2":[1],"3":[5],"4":[9],"5":[1],"6":[8],"7":[5],"8":[1],"9":[4],"10":[1],"11":[3]},"fnMap":{"0":{"name":"Account","decl":{"start":{"line":4,"column":4},"end":{"line":8,"column":5}},"loc":{"start":{"line":4,"column":4},"end":{"line":8,"column":5}},"line":4},"1":{"name":"returnStatement","decl":{"start":{"line":10,"column":4},"end":{"line":17,"column":5}},"loc":{"start":{"line":10,"column":4},"end":{"line":17,"column":5}},"line":10},"2":{"name":"deposit","decl":{"start":{"line":19,"column":4},"end":{"line":27,"column":5}},"loc":{"start":{"line":19,"column":4},"end":{"line":27,"column":5}},"line":19},"3":{"name":"withdraw","decl":{"start":{"line":29,"column":4},"end":{"line":39,"column":5}},"loc":{"start":{"line":29,"column":4},"end":{"line":39,"column":5}},"line":29}},"f":{"0":12,"1":6,"2":9,"3":5}}
}
