TN:
SF:account.js
FN:4,Account
FN:10,returnStatement
FN:19,deposit
FN:29,withdraw
FNF:4
FNH:4
FNDA:12,Account
FNDA:6,returnStatement
FNDA:9,deposit
FNDA:5,withdraw
DA:1,1
DA:2,1
DA:3,1
DA:4,1
DA:5,12
DA:6,12
DA:7,12
DA:8,12
DA:9,1
DA:10,1
DA:11,6
DA:12,1
DA:13,6
DA:14,5
DA:15,5
DA:16,5
DA:17,6
DA:18,1
DA:19,1
DA:20,9
DA:21,1
DA:22,9
DA:23,8
DA:24,8
DA:25,8
DA:26,8
DA:27,9
DA:28,1
DA:29,1
DA:30,5
DA:31,1
DA:32,5
DA:33,1
DA:34,4
DA:35,3
DA:36,3
DA:37,3
DA:38,3
DA:39,5
DA:40,1
DA:41,1
DA:42,1
LF:42
LH:42
BRDA:4,0,0,12
BRDA:10,1,0,6
BRDA:11,2,0,1
BRDA:13,3,0,5
BRDA:19,4,0,9
BRDA:20,5,0,1
BRDA:22,6,0,8
BRDA:29,7,0,5
BRDA:30,8,0,1
BRDA:32,9,0,4
BRDA:32,10,0,1
BRDA:34,11,0,3
BRF:12
BRH:12
end_of_record
